TN:
SF:C:/Users/puneet.jain/DigitalCashCore/CashCoreUI/src/polyfills.ts
FNF:0
FNH:0
DA:3,1
DA:4,1
DA:5,1
DA:6,1
DA:7,1
DA:8,1
DA:9,1
DA:10,1
DA:11,1
DA:12,1
DA:13,1
DA:14,1
DA:15,1
DA:16,1
DA:18,1
DA:21,1
LF:16
LH:16
BRF:0
BRH:0
end_of_record
TN:
SF:C:/Users/puneet.jain/DigitalCashCore/CashCoreUI/src/test.ts
FN:20,(anonymous_0)
FNF:1
FNH:0
FNDA:0,(anonymous_0)
DA:1,1
DA:3,1
DA:4,1
DA:5,1
DA:6,1
DA:7,1
DA:8,1
DA:9,1
DA:10,1
DA:20,1
DA:23,1
DA:28,1
DA:30,1
DA:32,1
LF:14
LH:14
BRF:0
BRH:0
end_of_record
TN:
SF:C:/Users/puneet.jain/DigitalCashCore/CashCoreUI/src/app/login/login.component.ts
FN:9,(anonymous_2)
FN:11,LoginComponent
FN:13,(anonymous_4)
FN:16,(anonymous_5)
FNF:4
FNH:2
FNDA:1,(anonymous_2)
FNDA:1,LoginComponent
FNDA:0,(anonymous_4)
FNDA:0,(anonymous_5)
DA:1,1
DA:9,1
DA:13,1
DA:16,1
DA:18,0
DA:20,1
LF:6
LH:5
BRF:0
BRH:0
end_of_record
